Turbo Assembler	 Version 2.51	     12/06/22 15:39:44	    Page 1
L_5_C_7.asm



      1	0000			     .model tiny					     ;Модель памяти,	    +
      2				     используемая для СОМ.
      3	0000			     .code							     ;Начало сегмента +
      4				     кода.
      5				     org 100h							     ;Начальное	    +
      6				     значение счетчика - 100h.
      7	0100			     start:
      8	0100  B4 3D				     mov ah,3Dh					     ;Номер функции	DOS +
      9				     - в АН.	(открытие)
     10	0102  B0 02				     mov al, 2					     ;режим доступа
     11	0104  BA 0114r				     mov dx,offset filename	     ;Указатель на имя файла
     12	0107  CD 21			     int 21h					     ;Вызов обработчика	    +
     13				     прерывания
     14	0109  A1 011Ar				     mov ax, handle
     15
     16	010C  B4 41				     mov ah,41h				     ;Del File
     17	010E  BA 0114r				     mov dx,offset filename
     18	0111  CD 21				     int 21h
     19
     20	0113  C3			     ret					     ;Завершение		    +
     21				     СОМ-программы.
     22	0114  39 2E 74 78 74 00	     filename db '9.txt',0			     ;Имя файла
     23	011A  0000		     handle dw 0					     ; под дескриптор	    +
     24				     (идентификатор)
     25				     end start							     ;Конец программы.
Turbo Assembler	 Version 2.51	     12/06/22 15:39:44	    Page 2
Symbol Table




Symbol Name		Type   Value			   Cref	(defined at #)

??DATE			Text   "12/06/22"
??FILENAME		Text   "L_5_C_7	"
??TIME			Text   "15:39:44"
??VERSION		Number 0205
@CODE			Text   DGROUP			   #1
@CODESIZE		Text   0			   #1
@CPU			Text   0101H
@CURSEG			Text   _TEXT			   #3
@DATA			Text   DGROUP			   #1
@DATASIZE		Text   0			   #1
@FILENAME		Text   L_5_C_7
@MODEL			Text   1			   #1
@WORDSIZE		Text   2			   #3
FILENAME		Byte   DGROUP:0114		   11  17  #22
HANDLE			Word   DGROUP:011A		   14  #23
START			Near   DGROUP:0100		   #7  25

Groups & Segments	Bit Size Align	Combine	Class	   Cref	(defined at #)

DGROUP			Group				   #1  1
  _DATA			16  0000 Word	Public	DATA	   #1
  _TEXT			16  011C Word	Public	CODE	   #1  #3
