Turbo Assembler	 Version 2.51	     12/06/22 17:21:17	    Page 1
L_5_E_10.asm



      1	0000			     .model small					     ;Модель памяти,	    +
      2				     используемая для EXE.
      3	0000			     .stack 100h						     ;Сегмент стека	    +
      4				     размеров в 256 байт
      5	0000			     .code							     ;Начало сегмента +
      6				     кода.
      7	0000  B8 0000s		     start:  mov ax,@data			     ; в регистра AX смещение	    +
      8				     для данных
      9	0003  8E D8				 mov ds,ax				     ; установить регистр  +
     10				     DS	равный AX	то ест теперь там	смещение.
     11	0005  B4 47					     mov ah,47h					     ;Номер	    +
     12				     функции DOS	- в АН.
     13	0007  BE 0000r				     mov si,offset buffer	     ;Адрес буфера
     14	000A  B2 00				     mov dl,00h					     ;номер диска	    +
     15				     (текущий)
     16	000C  CD 21				     int 21h
     17
     18	000E  B4 09				     mov ah,9				     ;Выводим строку,	    +
     19				     которая содержит
     20	0010  BA 0000r				     mov dx,offset buffer	     ;путь к текущей директории
     21	0013  CD 21				     int 21h
     22
     23	0015  B8 4C00				 mov ax,4C00h
     24	0018  CD 21			     int 21h					     ; Функция DOS		    +
     25				     "завершить программу".
     26	001A			     .data
     27	0000  40*(24)		     buffer db 64 dup('$')
     28				     end start							     ;Конец программы.
Turbo Assembler	 Version 2.51	     12/06/22 17:21:17	    Page 2
Symbol Table




Symbol Name		Type   Value			   Cref	(defined at #)

??DATE			Text   "12/06/22"
??FILENAME		Text   "L_5_E_10"
??TIME			Text   "17:21:17"
??VERSION		Number 0205
@CODE			Text   _TEXT			   #1  #1  #5
@CODESIZE		Text   0			   #1
@CPU			Text   0101H
@CURSEG			Text   _DATA			   #5  #26
@DATA			Text   DGROUP			   #1  7
@DATASIZE		Text   0			   #1
@FILENAME		Text   L_5_E_10
@MODEL			Text   2			   #1
@WORDSIZE		Text   2			   #5  #26
BUFFER			Byte   DGROUP:0000		   13  20  #27
START			Near   _TEXT:0000		   #7  28

Groups & Segments	Bit Size Align	Combine	Class	   Cref	(defined at #)

DGROUP			Group				   #1  1  7
  STACK			16  0100 Para	Stack	STACK	   #3
  _DATA			16  0040 Word	Public	DATA	   #1  #26
_TEXT			16  001A Word	Public	CODE	   #1  1  #5  5
