Turbo Assembler	 Version 2.51	     12/06/22 17:16:14	    Page 1
L_5_C_10.asm



      1	0000			     .model tiny					     ;Модель памяти,	    +
      2				     используемая для СОМ.
      3	0000			     .code							     ;Начало сегмента +
      4				     кода.
      5				     org 100h							     ;Начальное	    +
      6				     значение счетчика - 100h.
      7	0100			     start:
      8	0100  B4 47				     mov ah,47h					     ;Номер функции	DOS +
      9				     - в АН.	(открытие)
     10	0102  BE 0111r				     mov si,offset buffer	     ;Адрес буфера
     11	0105  B2 00				     mov dl,00h					     ;номер диска	    +
     12				     (текущий)
     13	0107  CD 21				     int 21h
     14
     15	0109  B4 09				     mov ah,9				     ;Выводим строку,	    +
     16				     которая содержит
     17	010B  BA 0111r				     mov dx,offset buffer	     ;путь к текущей директории
     18	010E  CD 21				     int 21h
     19
     20	0110  C3				     ret					     ;Завершение	    +
     21				     СОМ-программы.
     22	0111  40*(24)		     buffer db 64 dup('$')
     23				     ;buffer label byte					     ;Буфер за концом	    +
     24				     программы
     25				     end start							     ;Конец программы.
Turbo Assembler	 Version 2.51	     12/06/22 17:16:14	    Page 2
Symbol Table




Symbol Name		Type   Value			   Cref	(defined at #)

??DATE			Text   "12/06/22"
??FILENAME		Text   "L_5_C_10"
??TIME			Text   "17:16:14"
??VERSION		Number 0205
@CODE			Text   DGROUP			   #1
@CODESIZE		Text   0			   #1
@CPU			Text   0101H
@CURSEG			Text   _TEXT			   #3
@DATA			Text   DGROUP			   #1
@DATASIZE		Text   0			   #1
@FILENAME		Text   L_5_C_10
@MODEL			Text   1			   #1
@WORDSIZE		Text   2			   #3
BUFFER			Byte   DGROUP:0111		   10  17  #22
START			Near   DGROUP:0100		   #7  25

Groups & Segments	Bit Size Align	Combine	Class	   Cref	(defined at #)

DGROUP			Group				   #1  1
  _DATA			16  0000 Word	Public	DATA	   #1
  _TEXT			16  0151 Word	Public	CODE	   #1  #3
