Turbo Assembler	 Version 2.51	     12/06/22 12:03:59	    Page 1
L_5_C_4.asm



      1	0000			     .model tiny					     ;Модель памяти,	    +
      2				     используемая для СОМ.
      3	0000			     .code							     ;Начало сегмента +
      4				     кода.
      5				     org 100h							     ;Начальное	    +
      6				     значение счетчика - 100h.
      7	0100  B4 3D		     start:  mov ah,3Dh					     ;Номер функции	DOS - в    +
      8				     АН. (открытие)
      9	0102  B0 00				     mov al, 0					     ;число байтов
     10	0104  BA 012Br				     mov dx,offset filename	     ;Указатель на имя файла
     11	0107  CD 21			     int 21h					     ;Вызов обработчика	    +
     12				     прерывания
     13	0109  A3 0131r				     mov handle, AX
     14
     15	010C  B4 3F				     mov AH, 3Fh			     ; функция чтения из	    +
     16				     файла
     17	010E  8B 1E 0131r			     mov BX, handle			     ; идентификатор
     18	0112  B9 0002				     mov CX, 2					     ; чтение 2х	байт
     19	0115  BA 0131r				     mov DX, offset buffer	     ; прочитанное в buffer
     20	0118  CD 21				     int 21h
     21
     22	011A  BF 0131r				     mov DI, offset buffer	     ; адрес буфера с		    +
     23				     прочитанными данными
     24	011D  BB 0002				     mov BX, 2					     ; BX = количеству    +
     25				     символов в строке
     26	0120  C6 01 24				     mov byte ptr [DI+BX], '$'	 ; добавляем $	в конец строки
     27
     28	0123  B4 09				     mov AH, 9					     ; выводим строку, +
     29				     считанную	из файла
     30	0125  BA 0131r				     mov DX, offset buffer
     31	0128  CD 21				     int 21h
     32
     33	012A  C3			     ret					     ;Завершение		    +
     34				     СОМ-программы.
     35	012B  36 2E 74 78 74 00	     filename db '6.txt',0			     ;Имя файла
     36	0131			     buffer   label byte				     ; Буфер за концом	    +
     37				     программы.
     38	0131  0000		     handle dw 0					     ; под дескриптор
     39				     end start							     ;Конец программы.
Turbo Assembler	 Version 2.51	     12/06/22 12:03:59	    Page 2
Symbol Table




Symbol Name		Type   Value			   Cref	(defined at #)

??DATE			Text   "12/06/22"
??FILENAME		Text   "L_5_C_4	"
??TIME			Text   "12:03:58"
??VERSION		Number 0205
@CODE			Text   DGROUP			   #1
@CODESIZE		Text   0			   #1
@CPU			Text   0101H
@CURSEG			Text   _TEXT			   #3
@DATA			Text   DGROUP			   #1
@DATASIZE		Text   0			   #1
@FILENAME		Text   L_5_C_4
@MODEL			Text   1			   #1
@WORDSIZE		Text   2			   #3
BUFFER			Byte   DGROUP:0131		   19  22  30  #36
FILENAME		Byte   DGROUP:012B		   10  #35
HANDLE			Word   DGROUP:0131		   13  17  #38
START			Near   DGROUP:0100		   #7  39

Groups & Segments	Bit Size Align	Combine	Class	   Cref	(defined at #)

DGROUP			Group				   #1  1
  _DATA			16  0000 Word	Public	DATA	   #1
  _TEXT			16  0133 Word	Public	CODE	   #1  #3
