Turbo Assembler	 Version 2.51	     12/06/22 10:48:49	    Page 1
L_5_C_3.asm



      1	0000			     .model tiny				     ;Модель памяти,		    +
      2				     используемая для СОМ.
      3	0000			     .code						     ;Начало сегмента кода.
      4				     org 100h						     ;Начальное значение   +
      5				     счетчика -	100h.
      6	0100  B4 5B		     start:  mov ah,5Bh				     ;Номер функции	DOS - в АН.
      7	0102  33 C9				     xor cx,cx				     ;не задаем	Атрибуты    +
      8				     файла
      9	0104  BA 010Ar				     mov dx,offset filename  ;Указатель на имя файла
     10	0107  CD 21			     int 21h				     ;Вызов обработчика		    +
     11				     прерывания
     12	0109  C3			     ret				     ;Завершение СОМ-программы.
     13	010A  34 2E 74 78 74 00	     filename db '4.txt',0	     ;Имя файла
     14				     end start						     ;Конец программы.
Turbo Assembler	 Version 2.51	     12/06/22 10:48:49	    Page 2
Symbol Table




Symbol Name		Type   Value			   Cref	(defined at #)

??DATE			Text   "12/06/22"
??FILENAME		Text   "L_5_C_3	"
??TIME			Text   "10:48:49"
??VERSION		Number 0205
@CODE			Text   DGROUP			   #1
@CODESIZE		Text   0			   #1
@CPU			Text   0101H
@CURSEG			Text   _TEXT			   #3
@DATA			Text   DGROUP			   #1
@DATASIZE		Text   0			   #1
@FILENAME		Text   L_5_C_3
@MODEL			Text   1			   #1
@WORDSIZE		Text   2			   #3
FILENAME		Byte   DGROUP:010A		   9  #13
START			Near   DGROUP:0100		   #6  14

Groups & Segments	Bit Size Align	Combine	Class	   Cref	(defined at #)

DGROUP			Group				   #1  1
  _DATA			16  0000 Word	Public	DATA	   #1
  _TEXT			16  0110 Word	Public	CODE	   #1  #3
