Turbo Assembler	 Version 2.51	     12/06/22 16:46:49	    Page 1
L_5_C_8.asm



      1	0000			     .model tiny					     ;Модель памяти,	    +
      2				     используемая для СОМ.
      3	0000			     .code							     ;Начало сегмента +
      4				     кода.
      5				     org 100h							     ;Начальное	    +
      6				     значение счетчика - 100h.
      7	0100			     start:
      8	0100  B4 39				     mov ah,39h					     ;Номер функции	DOS +
      9				     - в АН.	(открытие)
     10	0102  BA 0108r				     mov dx,offset path			     ;Указатель на путь
     11	0105  CD 21				     int 21h
     12	0107  C3			     ret					     ;Завершение		    +
     13				     СОМ-программы.
     14
     15	0108  5C 6E 66 00	     path db '\nf',0				     ;Путь к директории
     16				     end start							     ;Конец программы.
Turbo Assembler	 Version 2.51	     12/06/22 16:46:49	    Page 2
Symbol Table




Symbol Name		Type   Value			   Cref	(defined at #)

??DATE			Text   "12/06/22"
??FILENAME		Text   "L_5_C_8	"
??TIME			Text   "16:46:49"
??VERSION		Number 0205
@CODE			Text   DGROUP			   #1
@CODESIZE		Text   0			   #1
@CPU			Text   0101H
@CURSEG			Text   _TEXT			   #3
@DATA			Text   DGROUP			   #1
@DATASIZE		Text   0			   #1
@FILENAME		Text   L_5_C_8
@MODEL			Text   1			   #1
@WORDSIZE		Text   2			   #3
PATH			Byte   DGROUP:0108		   10  #15
START			Near   DGROUP:0100		   #7  16

Groups & Segments	Bit Size Align	Combine	Class	   Cref	(defined at #)

DGROUP			Group				   #1  1
  _DATA			16  0000 Word	Public	DATA	   #1
  _TEXT			16  010C Word	Public	CODE	   #1  #3
