Turbo Assembler	 Version 2.51	     12/06/22 15:48:07	    Page 1
L_5_E_7.asm



      1	0000			     .model small					     ;Модель памяти,	    +
      2				     используемая для EXE.
      3	0000			     .stack 100h						     ;Сегмент стека	    +
      4				     размеров в 256 байт
      5	0000			     .code							     ;Начало сегмента +
      6				     кода.
      7	0000  B8 0000s		     start:  mov ax,@data			     ; в регистра AX смещение	    +
      8				     для данных
      9	0003  8E D8				 mov ds,ax				     ; установить регистр  +
     10				     DS	равный AX	то ест теперь там	смещение.
     11
     12	0005  B4 41				     mov ah,41h				     ;Del File
     13	0007  BA 0000r				     mov dx,offset filename
     14	000A  CD 21				     int 21h
     15
     16	000C  B8 4C00				 mov ax,4C00h
     17	000F  CD 21			     int 21h					     ; Функция DOS		    +
     18				     "завершить программу".
     19	0011			     .data
     20	0000  31 30 2E 74 78 74	00   filename db '10.txt',0			     ; Имя файла
     21	0007  0000		     handle dw 0					     ; под дескриптор	    +
     22				     (идентификатор)
     23				     end start							     ;Конец программы.
Turbo Assembler	 Version 2.51	     12/06/22 15:48:07	    Page 2
Symbol Table




Symbol Name		Type   Value			   Cref	(defined at #)

??DATE			Text   "12/06/22"
??FILENAME		Text   "L_5_E_7	"
??TIME			Text   "15:48:07"
??VERSION		Number 0205
@CODE			Text   _TEXT			   #1  #1  #5
@CODESIZE		Text   0			   #1
@CPU			Text   0101H
@CURSEG			Text   _DATA			   #5  #19
@DATA			Text   DGROUP			   #1  7
@DATASIZE		Text   0			   #1
@FILENAME		Text   L_5_E_7
@MODEL			Text   2			   #1
@WORDSIZE		Text   2			   #5  #19
FILENAME		Byte   DGROUP:0000		   13  #20
HANDLE			Word   DGROUP:0007		   #21
START			Near   _TEXT:0000		   #7  23

Groups & Segments	Bit Size Align	Combine	Class	   Cref	(defined at #)

DGROUP			Group				   #1  1  7
  STACK			16  0100 Para	Stack	STACK	   #3
  _DATA			16  0009 Word	Public	DATA	   #1  #19
_TEXT			16  0011 Word	Public	CODE	   #1  1  #5  5
